<?xml version="1.0" encoding="UTF-8"?>
<!-- Generated by org.testng.reporters.JUnitReportReporter -->
<testsuite skipped="0" hostname="KVM141-" name="retailtestcase.EasyLevel" tests="1" failures="0" timestamp="2019-11-21T12:03:12 IST" time="111.491" errors="0">
  <testcase name="RTTC_008" time="111.491" classname="retailtestcase.EasyLevel"/>
</testsuite> <!-- retailtestcase.EasyLevel -->
