<?xml version="1.0" encoding="UTF-8"?>
<!-- Generated by org.testng.reporters.JUnitReportReporter -->
<testsuite skipped="0" hostname="KVM141-" name="retailtestcase.MidLevel" tests="3" failures="0" timestamp="2019-11-21T09:16:29 IST" time="203.163" errors="0">
  <testcase name="RTTC_037" time="58.797" classname="retailtestcase.MidLevel"/>
  <testcase name="RTTC_038" time="69.874" classname="retailtestcase.MidLevel"/>
  <testcase name="RTTC_039" time="74.492" classname="retailtestcase.MidLevel"/>
</testsuite> <!-- retailtestcase.MidLevel -->
