<?xml version="1.0" encoding="UTF-8"?>
<!-- Generated by org.testng.reporters.JUnitReportReporter -->
<testsuite skipped="0" hostname="KVM141-" name="retailtestcase.EasyLevel" tests="3" failures="0" timestamp="2019-11-21T09:47:36 IST" time="351.032" errors="0">
  <testcase name="RTTC_007" time="108.666" classname="retailtestcase.EasyLevel"/>
  <testcase name="RTTC_008" time="127.270" classname="retailtestcase.EasyLevel"/>
  <testcase name="RTTC_009" time="115.096" classname="retailtestcase.EasyLevel"/>
</testsuite> <!-- retailtestcase.EasyLevel -->
