<?xml version="1.0" encoding="UTF-8"?>
<!-- Generated by org.testng.reporters.JUnitReportReporter -->
<testsuite skipped="0" hostname="KVM141-" name="retailtestcase.TC001" tests="1" failures="0" timestamp="2019-11-20T16:20:29 IST" time="89.573" errors="0">
  <testcase name="RTTC_007" time="89.573" classname="retailtestcase.TC001"/>
</testsuite> <!-- retailtestcase.TC001 -->
